<?xml version="1.0" encoding="UTF-8"?>
<!-- Generated by org.testng.reporters.JUnitXMLReporter -->
<testsuite hostname="TABLET-94I7MRL4" ignored="6" name="Regression Test" tests="6" failures="2" timestamp="04 May 2022 01:48:44 GMT" time="47.635" errors="0">
  <testcase name="verifyContactPage" time="9.046" classname="testCases.ContactUs_001"/>
  <testcase name="verifyAddCrt" time="11.629" classname="testCases.AddToCart_001">
    <failure type="java.lang.AssertionError" message="expected [Order - My Store] but found [Login - My Store]">
      <![CDATA[java.lang.AssertionError: expected [Order - My Store] but found [Login - My Store]
	at testCases.AddToCart_001.verifyAddCrt(AddToCart_001.java:58)
... Removed 31 stack frames]]>
    </failure>
  </testcase> <!-- verifyAddCrt -->
  <testcase name="navigateToIdentityPage" time="2.691" classname="testCases.ChangePassword_001">
    <failure type="java.lang.AssertionError" message="expected [My account - My Store] but found [Login - My Store]">
      <![CDATA[java.lang.AssertionError: expected [My account - My Store] but found [Login - My Store]
	at testCases.ChangePassword_001.navigateToIdentityPage(ChangePassword_001.java:28)
... Removed 31 stack frames]]>
    </failure>
  </testcase> <!-- navigateToIdentityPage -->
  <testcase name="addCasualDrs" time="9.34" classname="testCases.AddToCart_002"/>
  <testcase name="verifyIdentity" time="0.0" classname="testCases.ChangePassword_001">
    <skipped/>
  </testcase> <!-- verifyIdentity -->
  <testcase name="addSmrDrs" time="12.486" classname="testCases.AddToCart_002"/>
  <testcase name="@AfterSuite tearDown" time="0.0" classname="base.BaseClass">
    <ignored/>
  </testcase> <!-- @AfterSuite tearDown -->
  <testcase name="@AfterSuite tearDown" time="0.0" classname="base.BaseClass">
    <ignored/>
  </testcase> <!-- @AfterSuite tearDown -->
  <testcase name="@AfterSuite tearDown" time="0.0" classname="base.BaseClass">
    <ignored/>
  </testcase> <!-- @AfterSuite tearDown -->
  <testcase name="@BeforeSuite init" time="0.0" classname="base.BaseClass">
    <ignored/>
  </testcase> <!-- @BeforeSuite init -->
  <testcase name="@BeforeSuite init" time="0.0" classname="base.BaseClass">
    <ignored/>
  </testcase> <!-- @BeforeSuite init -->
  <testcase name="@BeforeSuite init" time="0.0" classname="base.BaseClass">
    <ignored/>
  </testcase> <!-- @BeforeSuite init -->
</testsuite> <!-- Regression Test -->
